<?xml version="1.0" encoding="UTF-8"?>
<!-- Generated by org.testng.reporters.JUnitReportReporter -->
<testsuite hostname="DESKTOP-H0EQQIL" name="AutomationProject.academy.login" tests="1" failures="0" timestamp="10 Dec 2020 15:42:02 GMT" time="1.088" errors="0">
  <testcase name="validateLogin" time="1.088" classname="AutomationProject.academy.login"/>
</testsuite> <!-- AutomationProject.academy.login -->
