<?xml version="1.0" encoding="UTF-8"?>
<!-- Generated by org.testng.reporters.JUnitReportReporter -->
<testsuite hostname="DESKTOP-H0EQQIL" name="AutomationProject.academy.validateDropdownUsingSelect" tests="1" failures="0" timestamp="11 Dec 2020 14:13:30 GMT" time="16.784" errors="0">
  <testcase name="dropDowns" time="16.784" classname="AutomationProject.academy.validateDropdownUsingSelect"/>
</testsuite> <!-- AutomationProject.academy.validateDropdownUsingSelect -->
