<?xml version="1.0" encoding="UTF-8"?>
<!-- Generated by org.testng.reporters.JUnitReportReporter -->
<testsuite hostname="DESKTOP-H0EQQIL" name="resources.base" tests="2" failures="0" timestamp="10 Dec 2020 15:50:42 GMT" time="6.640" errors="0">
  <testcase name="initialize" time="5.642" classname="resources.base"/>
  <testcase name="validateLogin" time="0.998" classname="resources.base"/>
</testsuite> <!-- resources.base -->
